{"/home/wookyao/xmry-utils/src/type-checks/index.ts": {"path":"/home/wookyao/xmry-utils/src/type-checks/index.ts","statementMap":{"0":{"start":{"line":3,"column":0},"end":{"line":3,"column":62}},"1":{"start":{"line":4,"column":0},"end":{"line":4,"column":313}},"2":{"start":{"line":11,"column":17},"end":{"line":13,"column":1}},"3":{"start":{"line":12,"column":4},"end":{"line":12,"column":37}},"4":{"start":{"line":14,"column":0},"end":{"line":14,"column":28}},"5":{"start":{"line":25,"column":17},"end":{"line":27,"column":1}},"6":{"start":{"line":26,"column":4},"end":{"line":26,"column":54}},"7":{"start":{"line":28,"column":0},"end":{"line":28,"column":28}},"8":{"start":{"line":35,"column":18},"end":{"line":37,"column":1}},"9":{"start":{"line":36,"column":4},"end":{"line":36,"column":38}},"10":{"start":{"line":38,"column":0},"end":{"line":38,"column":30}},"11":{"start":{"line":48,"column":17},"end":{"line":50,"column":1}},"12":{"start":{"line":49,"column":4},"end":{"line":49,"column":80}},"13":{"start":{"line":51,"column":0},"end":{"line":51,"column":28}},"14":{"start":{"line":59,"column":16},"end":{"line":61,"column":1}},"15":{"start":{"line":60,"column":4},"end":{"line":60,"column":32}},"16":{"start":{"line":62,"column":0},"end":{"line":62,"column":26}},"17":{"start":{"line":69,"column":19},"end":{"line":71,"column":1}},"18":{"start":{"line":70,"column":4},"end":{"line":70,"column":39}},"19":{"start":{"line":72,"column":0},"end":{"line":72,"column":32}},"20":{"start":{"line":79,"column":20},"end":{"line":81,"column":1}},"21":{"start":{"line":80,"column":4},"end":{"line":80,"column":40}},"22":{"start":{"line":82,"column":0},"end":{"line":82,"column":34}},"23":{"start":{"line":89,"column":15},"end":{"line":91,"column":1}},"24":{"start":{"line":90,"column":4},"end":{"line":90,"column":26}},"25":{"start":{"line":92,"column":0},"end":{"line":92,"column":24}},"26":{"start":{"line":99,"column":15},"end":{"line":101,"column":1}},"27":{"start":{"line":100,"column":4},"end":{"line":100,"column":60}},"28":{"start":{"line":102,"column":0},"end":{"line":102,"column":24}},"29":{"start":{"line":110,"column":18},"end":{"line":115,"column":1}},"30":{"start":{"line":111,"column":4},"end":{"line":114,"column":6}},"31":{"start":{"line":116,"column":0},"end":{"line":116,"column":30}},"32":{"start":{"line":123,"column":16},"end":{"line":125,"column":1}},"33":{"start":{"line":124,"column":4},"end":{"line":124,"column":34}},"34":{"start":{"line":126,"column":0},"end":{"line":126,"column":26}},"35":{"start":{"line":127,"column":17},"end":{"line":129,"column":1}},"36":{"start":{"line":128,"column":4},"end":{"line":128,"column":37}},"37":{"start":{"line":130,"column":0},"end":{"line":130,"column":28}},"38":{"start":{"line":137,"column":14},"end":{"line":139,"column":1}},"39":{"start":{"line":138,"column":4},"end":{"line":138,"column":49}},"40":{"start":{"line":140,"column":0},"end":{"line":140,"column":22}},"41":{"start":{"line":147,"column":19},"end":{"line":150,"column":1}},"42":{"start":{"line":149,"column":4},"end":{"line":149,"column":84}},"43":{"start":{"line":151,"column":0},"end":{"line":151,"column":32}},"44":{"start":{"line":159,"column":20},"end":{"line":162,"column":1}},"45":{"start":{"line":161,"column":4},"end":{"line":161,"column":57}},"46":{"start":{"line":163,"column":0},"end":{"line":163,"column":34}},"47":{"start":{"line":174,"column":16},"end":{"line":222,"column":1}},"48":{"start":{"line":176,"column":4},"end":{"line":178,"column":5}},"49":{"start":{"line":177,"column":8},"end":{"line":177,"column":20}},"50":{"start":{"line":180,"column":4},"end":{"line":221,"column":5}},"51":{"start":{"line":183,"column":12},"end":{"line":185,"column":13}},"52":{"start":{"line":184,"column":16},"end":{"line":184,"column":42}},"53":{"start":{"line":186,"column":12},"end":{"line":188,"column":13}},"54":{"start":{"line":187,"column":16},"end":{"line":187,"column":40}},"55":{"start":{"line":189,"column":12},"end":{"line":191,"column":13}},"56":{"start":{"line":190,"column":16},"end":{"line":190,"column":40}},"57":{"start":{"line":192,"column":12},"end":{"line":194,"column":13}},"58":{"start":{"line":193,"column":16},"end":{"line":193,"column":42}},"59":{"start":{"line":196,"column":12},"end":{"line":206,"column":13}},"60":{"start":{"line":205,"column":16},"end":{"line":205,"column":46}},"61":{"start":{"line":208,"column":12},"end":{"line":208,"column":51}},"62":{"start":{"line":211,"column":12},"end":{"line":211,"column":26}},"63":{"start":{"line":214,"column":12},"end":{"line":214,"column":32}},"64":{"start":{"line":217,"column":12},"end":{"line":217,"column":25}},"65":{"start":{"line":220,"column":12},"end":{"line":220,"column":25}},"66":{"start":{"line":223,"column":0},"end":{"line":223,"column":26}}},"fnMap":{"0":{"name":"(anonymous_0)","decl":{"start":{"line":11,"column":17},"end":{"line":11,"column":18}},"loc":{"start":{"line":11,"column":28},"end":{"line":13,"column":1}},"line":11},"1":{"name":"(anonymous_1)","decl":{"start":{"line":25,"column":17},"end":{"line":25,"column":18}},"loc":{"start":{"line":25,"column":28},"end":{"line":27,"column":1}},"line":25},"2":{"name":"(anonymous_2)","decl":{"start":{"line":35,"column":18},"end":{"line":35,"column":19}},"loc":{"start":{"line":35,"column":29},"end":{"line":37,"column":1}},"line":35},"3":{"name":"(anonymous_3)","decl":{"start":{"line":48,"column":17},"end":{"line":48,"column":18}},"loc":{"start":{"line":48,"column":28},"end":{"line":50,"column":1}},"line":48},"4":{"name":"(anonymous_4)","decl":{"start":{"line":59,"column":16},"end":{"line":59,"column":17}},"loc":{"start":{"line":59,"column":27},"end":{"line":61,"column":1}},"line":59},"5":{"name":"(anonymous_5)","decl":{"start":{"line":69,"column":19},"end":{"line":69,"column":20}},"loc":{"start":{"line":69,"column":30},"end":{"line":71,"column":1}},"line":69},"6":{"name":"(anonymous_6)","decl":{"start":{"line":79,"column":20},"end":{"line":79,"column":21}},"loc":{"start":{"line":79,"column":31},"end":{"line":81,"column":1}},"line":79},"7":{"name":"(anonymous_7)","decl":{"start":{"line":89,"column":15},"end":{"line":89,"column":16}},"loc":{"start":{"line":89,"column":26},"end":{"line":91,"column":1}},"line":89},"8":{"name":"(anonymous_8)","decl":{"start":{"line":99,"column":15},"end":{"line":99,"column":16}},"loc":{"start":{"line":99,"column":26},"end":{"line":101,"column":1}},"line":99},"9":{"name":"(anonymous_9)","decl":{"start":{"line":110,"column":18},"end":{"line":110,"column":19}},"loc":{"start":{"line":110,"column":29},"end":{"line":115,"column":1}},"line":110},"10":{"name":"(anonymous_10)","decl":{"start":{"line":123,"column":16},"end":{"line":123,"column":17}},"loc":{"start":{"line":123,"column":27},"end":{"line":125,"column":1}},"line":123},"11":{"name":"(anonymous_11)","decl":{"start":{"line":127,"column":17},"end":{"line":127,"column":18}},"loc":{"start":{"line":127,"column":28},"end":{"line":129,"column":1}},"line":127},"12":{"name":"(anonymous_12)","decl":{"start":{"line":137,"column":14},"end":{"line":137,"column":15}},"loc":{"start":{"line":137,"column":25},"end":{"line":139,"column":1}},"line":137},"13":{"name":"(anonymous_13)","decl":{"start":{"line":147,"column":19},"end":{"line":147,"column":20}},"loc":{"start":{"line":147,"column":30},"end":{"line":150,"column":1}},"line":147},"14":{"name":"(anonymous_14)","decl":{"start":{"line":159,"column":20},"end":{"line":159,"column":21}},"loc":{"start":{"line":159,"column":42},"end":{"line":162,"column":1}},"line":159},"15":{"name":"(anonymous_15)","decl":{"start":{"line":174,"column":16},"end":{"line":174,"column":17}},"loc":{"start":{"line":174,"column":27},"end":{"line":222,"column":1}},"line":174}},"branchMap":{"0":{"loc":{"start":{"line":26,"column":11},"end":{"line":26,"column":53}},"type":"binary-expr","locations":[{"start":{"line":26,"column":11},"end":{"line":26,"column":36}},{"start":{"line":26,"column":40},"end":{"line":26,"column":53}}],"line":26},"1":{"loc":{"start":{"line":49,"column":11},"end":{"line":49,"column":79}},"type":"binary-expr","locations":[{"start":{"line":49,"column":11},"end":{"line":49,"column":36}},{"start":{"line":49,"column":40},"end":{"line":49,"column":54}},{"start":{"line":49,"column":58},"end":{"line":49,"column":79}}],"line":49},"2":{"loc":{"start":{"line":100,"column":11},"end":{"line":100,"column":59}},"type":"binary-expr","locations":[{"start":{"line":100,"column":11},"end":{"line":100,"column":32}},{"start":{"line":100,"column":36},"end":{"line":100,"column":59}}],"line":100},"3":{"loc":{"start":{"line":111,"column":12},"end":{"line":113,"column":40}},"type":"binary-expr","locations":[{"start":{"line":111,"column":12},"end":{"line":111,"column":19}},{"start":{"line":112,"column":9},"end":{"line":112,"column":34}},{"start":{"line":112,"column":38},"end":{"line":112,"column":65}},{"start":{"line":113,"column":8},"end":{"line":113,"column":40}}],"line":111},"4":{"loc":{"start":{"line":138,"column":11},"end":{"line":138,"column":48}},"type":"binary-expr","locations":[{"start":{"line":138,"column":11},"end":{"line":138,"column":25}},{"start":{"line":138,"column":29},"end":{"line":138,"column":48}}],"line":138},"5":{"loc":{"start":{"line":149,"column":11},"end":{"line":149,"column":83}},"type":"binary-expr","locations":[{"start":{"line":149,"column":11},"end":{"line":149,"column":36}},{"start":{"line":149,"column":41},"end":{"line":149,"column":66}},{"start":{"line":149,"column":70},"end":{"line":149,"column":82}}],"line":149},"6":{"loc":{"start":{"line":161,"column":11},"end":{"line":161,"column":56}},"type":"binary-expr","locations":[{"start":{"line":161,"column":11},"end":{"line":161,"column":36}},{"start":{"line":161,"column":40},"end":{"line":161,"column":56}}],"line":161},"7":{"loc":{"start":{"line":176,"column":4},"end":{"line":178,"column":5}},"type":"if","locations":[{"start":{"line":176,"column":4},"end":{"line":178,"column":5}},{"start":{},"end":{}}],"line":176},"8":{"loc":{"start":{"line":176,"column":8},"end":{"line":176,"column":45}},"type":"binary-expr","locations":[{"start":{"line":176,"column":8},"end":{"line":176,"column":22}},{"start":{"line":176,"column":26},"end":{"line":176,"column":45}}],"line":176},"9":{"loc":{"start":{"line":180,"column":4},"end":{"line":221,"column":5}},"type":"switch","locations":[{"start":{"line":181,"column":8},"end":{"line":208,"column":51}},{"start":{"line":209,"column":8},"end":{"line":211,"column":26}},{"start":{"line":212,"column":8},"end":{"line":214,"column":32}},{"start":{"line":215,"column":8},"end":{"line":217,"column":25}},{"start":{"line":219,"column":8},"end":{"line":220,"column":25}}],"line":180},"10":{"loc":{"start":{"line":183,"column":12},"end":{"line":185,"column":13}},"type":"if","locations":[{"start":{"line":183,"column":12},"end":{"line":185,"column":13}},{"start":{},"end":{}}],"line":183},"11":{"loc":{"start":{"line":186,"column":12},"end":{"line":188,"column":13}},"type":"if","locations":[{"start":{"line":186,"column":12},"end":{"line":188,"column":13}},{"start":{},"end":{}}],"line":186},"12":{"loc":{"start":{"line":189,"column":12},"end":{"line":191,"column":13}},"type":"if","locations":[{"start":{"line":189,"column":12},"end":{"line":191,"column":13}},{"start":{},"end":{}}],"line":189},"13":{"loc":{"start":{"line":192,"column":12},"end":{"line":194,"column":13}},"type":"if","locations":[{"start":{"line":192,"column":12},"end":{"line":194,"column":13}},{"start":{},"end":{}}],"line":192},"14":{"loc":{"start":{"line":196,"column":12},"end":{"line":206,"column":13}},"type":"if","locations":[{"start":{"line":196,"column":12},"end":{"line":206,"column":13}},{"start":{},"end":{}}],"line":196},"15":{"loc":{"start":{"line":196,"column":16},"end":{"line":204,"column":45}},"type":"binary-expr","locations":[{"start":{"line":196,"column":16},"end":{"line":196,"column":44}},{"start":{"line":197,"column":16},"end":{"line":197,"column":43}},{"start":{"line":198,"column":16},"end":{"line":198,"column":42}},{"start":{"line":199,"column":16},"end":{"line":199,"column":44}},{"start":{"line":200,"column":16},"end":{"line":200,"column":43}},{"start":{"line":201,"column":16},"end":{"line":201,"column":44}},{"start":{"line":202,"column":16},"end":{"line":202,"column":43}},{"start":{"line":203,"column":16},"end":{"line":203,"column":45}},{"start":{"line":204,"column":16},"end":{"line":204,"column":45}}],"line":196}},"s":{"0":1,"1":1,"2":1,"3":0,"4":1,"5":1,"6":0,"7":1,"8":1,"9":0,"10":1,"11":1,"12":0,"13":1,"14":1,"15":0,"16":1,"17":1,"18":0,"19":1,"20":1,"21":0,"22":1,"23":1,"24":0,"25":1,"26":1,"27":0,"28":1,"29":1,"30":0,"31":1,"32":1,"33":0,"34":1,"35":1,"36":0,"37":1,"38":1,"39":6,"40":1,"41":1,"42":0,"43":1,"44":1,"45":0,"46":1,"47":1,"48":0,"49":0,"50":0,"51":0,"52":0,"53":0,"54":0,"55":0,"56":0,"57":0,"58":0,"59":0,"60":0,"61":0,"62":0,"63":0,"64":0,"65":0,"66":1},"f":{"0":0,"1":0,"2":0,"3":0,"4":0,"5":0,"6":0,"7":0,"8":0,"9":0,"10":0,"11":0,"12":6,"13":0,"14":0,"15":0},"b":{"0":[0,0],"1":[0,0,0],"2":[0,0],"3":[0,0,0,0],"4":[6,5],"5":[0,0,0],"6":[0,0],"7":[0,0],"8":[0,0],"9":[0,0,0,0,0],"10":[0,0],"11":[0,0],"12":[0,0],"13":[0,0],"14":[0,0],"15":[0,0,0,0,0,0,0,0,0]},"_coverageSchema":"1a1c01bbd47fc00a2c39e90264f33305004495a9","hash":"034d40c1d23d20e57a4abffc5481719d0b08c10c"}
}
