TN:
SF:src/type-checks/index.ts
FN:11,(anonymous_0)
FN:25,(anonymous_1)
FN:35,(anonymous_2)
FN:48,(anonymous_3)
FN:59,(anonymous_4)
FN:69,(anonymous_5)
FN:79,(anonymous_6)
FN:89,(anonymous_7)
FN:99,(anonymous_8)
FN:110,(anonymous_9)
FN:123,(anonymous_10)
FN:127,(anonymous_11)
FN:137,(anonymous_12)
FN:147,(anonymous_13)
FN:159,(anonymous_14)
FN:174,(anonymous_15)
FNF:16
FNH:1
FNDA:0,(anonymous_0)
FNDA:0,(anonymous_1)
FNDA:0,(anonymous_2)
FNDA:0,(anonymous_3)
FNDA:0,(anonymous_4)
FNDA:0,(anonymous_5)
FNDA:0,(anonymous_6)
FNDA:0,(anonymous_7)
FNDA:0,(anonymous_8)
FNDA:0,(anonymous_9)
FNDA:0,(anonymous_10)
FNDA:0,(anonymous_11)
FNDA:6,(anonymous_12)
FNDA:0,(anonymous_13)
FNDA:0,(anonymous_14)
FNDA:0,(anonymous_15)
DA:3,1
DA:4,1
DA:11,1
DA:12,0
DA:14,1
DA:25,1
DA:26,0
DA:28,1
DA:35,1
DA:36,0
DA:38,1
DA:48,1
DA:49,0
DA:51,1
DA:59,1
DA:60,0
DA:62,1
DA:69,1
DA:70,0
DA:72,1
DA:79,1
DA:80,0
DA:82,1
DA:89,1
DA:90,0
DA:92,1
DA:99,1
DA:100,0
DA:102,1
DA:110,1
DA:111,0
DA:116,1
DA:123,1
DA:124,0
DA:126,1
DA:127,1
DA:128,0
DA:130,1
DA:137,1
DA:138,6
DA:140,1
DA:147,1
DA:149,0
DA:151,1
DA:159,1
DA:161,0
DA:163,1
DA:174,1
DA:176,0
DA:177,0
DA:180,0
DA:183,0
DA:184,0
DA:186,0
DA:187,0
DA:189,0
DA:190,0
DA:192,0
DA:193,0
DA:196,0
DA:205,0
DA:208,0
DA:211,0
DA:214,0
DA:217,0
DA:220,0
DA:223,1
LF:67
LH:35
BRDA:26,0,0,0
BRDA:26,0,1,0
BRDA:49,1,0,0
BRDA:49,1,1,0
BRDA:49,1,2,0
BRDA:100,2,0,0
BRDA:100,2,1,0
BRDA:111,3,0,0
BRDA:111,3,1,0
BRDA:111,3,2,0
BRDA:111,3,3,0
BRDA:138,4,0,6
BRDA:138,4,1,5
BRDA:149,5,0,0
BRDA:149,5,1,0
BRDA:149,5,2,0
BRDA:161,6,0,0
BRDA:161,6,1,0
BRDA:176,7,0,0
BRDA:176,7,1,0
BRDA:176,8,0,0
BRDA:176,8,1,0
BRDA:180,9,0,0
BRDA:180,9,1,0
BRDA:180,9,2,0
BRDA:180,9,3,0
BRDA:180,9,4,0
BRDA:183,10,0,0
BRDA:183,10,1,0
BRDA:186,11,0,0
BRDA:186,11,1,0
BRDA:189,12,0,0
BRDA:189,12,1,0
BRDA:192,13,0,0
BRDA:192,13,1,0
BRDA:196,14,0,0
BRDA:196,14,1,0
BRDA:196,15,0,0
BRDA:196,15,1,0
BRDA:196,15,2,0
BRDA:196,15,3,0
BRDA:196,15,4,0
BRDA:196,15,5,0
BRDA:196,15,6,0
BRDA:196,15,7,0
BRDA:196,15,8,0
BRF:46
BRH:2
end_of_record
